{
  "stats": {
    "suites": 1,
    "tests": 1,
    "passes": 0,
    "pending": 0,
    "failures": 1,
    "start": "2023-07-07T13:27:50.566Z",
    "end": "2023-07-07T13:30:38.582Z",
    "duration": 168016,
    "testsRegistered": 1,
    "passPercent": 0,
    "pendingPercent": 0,
    "other": 0,
    "hasOther": false,
    "skipped": 0,
    "hasSkipped": false
  },
  "results": [
    {
      "uuid": "fdc98ae6-d2fe-4732-97af-1795bdb9e96b",
      "title": "",
      "fullFile": "cypress\\e2e\\integrations.cy.js",
      "file": "cypress\\e2e\\integrations.cy.js",
      "beforeHooks": [],
      "afterHooks": [],
      "tests": [],
      "suites": [
        {
          "uuid": "c7dfac91-e685-4291-b931-93be089e2578",
          "title": "Integrations Page Test Suite",
          "fullFile": "",
          "file": "",
          "beforeHooks": [],
          "afterHooks": [],
          "tests": [
            {
              "title": "It should be the add integration flow to proceed to step 1 to step 5",
              "fullTitle": "Integrations Page Test Suite It should be the add integration flow to proceed to step 1 to step 5",
              "timedOut": null,
              "duration": 76951,
              "state": "failed",
              "speed": null,
              "pass": false,
              "fail": true,
              "pending": false,
              "context": "{\n  \"title\": \"cypress-mochawesome-reporter-videos-failed\",\n  \"value\": \"cypress\\\\e2e\\\\integrations.cy.js\"\n}",
              "code": "const visibility = \"Active\";\nconst variantvisibility = \"Active\";\n_AddIntegrationsPage.default.addIntegration();\ncy.wait(3000);\n_AddIntegrationsPage.default.followStep1();\ncy.wait(3000);\n_AddIntegrationsPage.default.followStep2();\ncy.wait(3000);\n_AddIntegrationsPage.default.followStep3();\ncy.wait(3000);\n_AddIntegrationsPage.default.followStep4(visibility, variantvisibility);\ncy.wait(3000);\n_AddIntegrationsPage.default.followStep5();\ncy.wait(3000);\n_IntegrationsSettingPage.default.OverviewConfigureFlow();\ncy.wait(2000);\n_IntegrationsSettingPage.default.IntegrationSettings();\ncy.wait(2000);\n_IntegrationsSettingPage.default.ActivityTab();\ncy.wait(2000);\n_AddIntegrationsPage.default.gotoIntegrations();\n_ProductSynchronizationPage.default.productSyncronizationFlow();\n_SalesOrderSynchronizationPage.default.saleSynchronizationFlow();\n_CustomerSynchronizationPage.default.customerSynchronizationFlow();\n_StockSynchronizationPage.default.stockSynchronizationFlow();",
              "err": {
                "message": "AssertionError: Timed out retrying after 30000ms: Expected to find element: `body > div:nth-child(1) > main:nth-child(3) > div:nth-child(1) > div:nth-child(1) > div:nth-child(2) > div:nth-child(1) > div:nth-child(2) > div:nth-child(1) > div:nth-child(1) > div:nth-child(1) > div:nth-child(1) > div:nth-child(2) > div:nth-child(1) > div:nth-child(2) > div:nth-child(2)`, but never found it.",
                "estack": "AssertionError: Timed out retrying after 30000ms: Expected to find element: `body > div:nth-child(1) > main:nth-child(3) > div:nth-child(1) > div:nth-child(1) > div:nth-child(2) > div:nth-child(1) > div:nth-child(2) > div:nth-child(1) > div:nth-child(1) > div:nth-child(1) > div:nth-child(1) > div:nth-child(2) > div:nth-child(1) > div:nth-child(2) > div:nth-child(2)`, but never found it.\n    at AddIntegrationsPage.eval [as connectApplication2] (webpack:///./cypress/pages/Integrations/AddIntegrationsPage.js:143:13)\n    at AddIntegrationsPage.eval [as followStep2] (webpack:///./cypress/pages/Integrations/AddIntegrationsPage.js:85:13)\n    at Context.eval (webpack:///./cypress/e2e/integrations.cy.js:33:13)",
                "diff": null
              },
              "uuid": "0c78b490-e7ce-4ba5-9086-75ce50c0a538",
              "parentUUID": "c7dfac91-e685-4291-b931-93be089e2578",
              "isHook": false,
              "skipped": false
            }
          ],
          "suites": [],
          "passes": [],
          "failures": [
            "0c78b490-e7ce-4ba5-9086-75ce50c0a538"
          ],
          "pending": [],
          "skipped": [],
          "duration": 76951,
          "root": false,
          "rootEmpty": false,
          "_timeout": 2000
        }
      ],
      "passes": [],
      "failures": [],
      "pending": [],
      "skipped": [],
      "duration": 0,
      "root": true,
      "rootEmpty": true,
      "_timeout": 2000
    }
  ],
  "meta": {
    "mocha": {
      "version": "7.0.1"
    },
    "mochawesome": {
      "options": {
        "quiet": false,
        "reportFilename": "mochawesome",
        "saveHtml": false,
        "saveJson": true,
        "consoleReporter": "spec",
        "useInlineDiffs": false,
        "code": true
      },
      "version": "7.1.3"
    },
    "marge": {
      "options": {
        "reportDir": "cypress/reports",
        "overwrite": false,
        "html": false,
        "json": true
      },
      "version": "6.2.0"
    }
  }
}