{
  "stats": {
    "suites": 1,
    "tests": 4,
    "passes": 4,
    "pending": 0,
    "failures": 0,
    "start": "2023-07-07T07:35:09.874Z",
    "end": "2023-07-07T07:36:58.669Z",
    "duration": 108795,
    "testsRegistered": 4,
    "passPercent": 100,
    "pendingPercent": 0,
    "other": 0,
    "hasOther": false,
    "skipped": 0,
    "hasSkipped": false
  },
  "results": [
    {
      "uuid": "4305bc61-1306-4c20-b2b1-06e1cb314343",
      "title": "",
      "fullFile": "cypress\\e2e\\login.cy.js",
      "file": "cypress\\e2e\\login.cy.js",
      "beforeHooks": [],
      "afterHooks": [],
      "tests": [],
      "suites": [
        {
          "uuid": "bbaec1a7-75dd-4ebc-8129-0500f1c5a15e",
          "title": "Login Page Test Suite",
          "fullFile": "",
          "file": "",
          "beforeHooks": [],
          "afterHooks": [],
          "tests": [
            {
              "title": "Email and Password Fields - Fill out email and password fields with the valid credentials",
              "fullTitle": "Login Page Test Suite Email and Password Fields - Fill out email and password fields with the valid credentials",
              "timedOut": null,
              "duration": 25874,
              "state": "passed",
              "speed": "slow",
              "pass": true,
              "fail": false,
              "pending": false,
              "context": null,
              "code": "_LoginPage.default.loginAdmin(_data.default.valid.email, _data.default.valid.password);",
              "err": {},
              "uuid": "13a42823-ec5f-494d-b19e-7dc7af25cf5d",
              "parentUUID": "bbaec1a7-75dd-4ebc-8129-0500f1c5a15e",
              "isHook": false,
              "skipped": false
            },
            {
              "title": "Email and Password Fields - Blank input",
              "fullTitle": "Login Page Test Suite Email and Password Fields - Blank input",
              "timedOut": null,
              "duration": 17271,
              "state": "passed",
              "speed": "slow",
              "pass": true,
              "fail": false,
              "pending": false,
              "context": null,
              "code": "_LoginPage.default.goToSignUpLink();\n_LoginPage.default.blankInput();",
              "err": {},
              "uuid": "8299102a-ea5a-4d3a-9e54-2f34cfe675db",
              "parentUUID": "bbaec1a7-75dd-4ebc-8129-0500f1c5a15e",
              "isHook": false,
              "skipped": false
            },
            {
              "title": "Email and Password Fields - Fill out email and password fields with the invalid credentials",
              "fullTitle": "Login Page Test Suite Email and Password Fields - Fill out email and password fields with the invalid credentials",
              "timedOut": null,
              "duration": 9140,
              "state": "passed",
              "speed": "medium",
              "pass": true,
              "fail": false,
              "pending": false,
              "context": null,
              "code": "_LoginPage.default.loginAdminWithInvalidCreds(_data.default.valid.email, _data.default.valid.inPassword);",
              "err": {},
              "uuid": "9de6f14e-0859-470a-b34d-dc8cfdabdc44",
              "parentUUID": "bbaec1a7-75dd-4ebc-8129-0500f1c5a15e",
              "isHook": false,
              "skipped": false
            },
            {
              "title": "Email and Password Fields - User forgot password with input email address",
              "fullTitle": "Login Page Test Suite Email and Password Fields - User forgot password with input email address",
              "timedOut": null,
              "duration": 55961,
              "state": "passed",
              "speed": "slow",
              "pass": true,
              "fail": false,
              "pending": false,
              "context": null,
              "code": "_LoginPage.default.goTologinWithForgotPassword();\n_ForgotPasswordPage.default.loginWithoutEmail();\n_ForgotPasswordPage.default.Email();\n_ResetPasswordPage.default.mailosaur(_data.default.valid.email, _data.default.valid.password, _data.default.valid.newPassword);",
              "err": {},
              "uuid": "71f0acd8-e9ab-4825-ab3e-8f3c6f69648a",
              "parentUUID": "bbaec1a7-75dd-4ebc-8129-0500f1c5a15e",
              "isHook": false,
              "skipped": false
            }
          ],
          "suites": [],
          "passes": [
            "13a42823-ec5f-494d-b19e-7dc7af25cf5d",
            "8299102a-ea5a-4d3a-9e54-2f34cfe675db",
            "9de6f14e-0859-470a-b34d-dc8cfdabdc44",
            "71f0acd8-e9ab-4825-ab3e-8f3c6f69648a"
          ],
          "failures": [],
          "pending": [],
          "skipped": [],
          "duration": 108246,
          "root": false,
          "rootEmpty": false,
          "_timeout": 2000
        }
      ],
      "passes": [],
      "failures": [],
      "pending": [],
      "skipped": [],
      "duration": 0,
      "root": true,
      "rootEmpty": true,
      "_timeout": 2000
    }
  ],
  "meta": {
    "mocha": {
      "version": "7.0.1"
    },
    "mochawesome": {
      "options": {
        "quiet": false,
        "reportFilename": "mochawesome",
        "saveHtml": false,
        "saveJson": true,
        "consoleReporter": "spec",
        "useInlineDiffs": false,
        "code": true
      },
      "version": "7.1.3"
    },
    "marge": {
      "options": {
        "reportDir": "cypress\\reports\\.jsons",
        "charts": true,
        "reportPageTitle": "My Test Suite",
        "embeddedScreenshots": true,
        "inlineAssets": true,
        "overwrite": false,
        "html": false,
        "json": true
      },
      "version": "6.2.0"
    }
  }
}