{
  "stats": {
    "suites": 1,
    "tests": 1,
    "passes": 1,
    "pending": 0,
    "failures": 0,
    "start": "2023-07-07T07:23:22.271Z",
    "end": "2023-07-07T07:26:56.486Z",
    "duration": 214215,
    "testsRegistered": 1,
    "passPercent": 100,
    "pendingPercent": 0,
    "other": 0,
    "hasOther": false,
    "skipped": 0,
    "hasSkipped": false
  },
  "results": [
    {
      "uuid": "f5e66629-be76-49fb-9879-bed24689de34",
      "title": "",
      "fullFile": "cypress\\e2e\\application.cy.js",
      "file": "cypress\\e2e\\application.cy.js",
      "beforeHooks": [],
      "afterHooks": [],
      "tests": [],
      "suites": [
        {
          "uuid": "b3be96d4-6027-4a3b-9225-c14b640fd717",
          "title": "Application Page Test Suite",
          "fullFile": "",
          "file": "",
          "beforeHooks": [],
          "afterHooks": [],
          "tests": [
            {
              "title": "It should be able to add, edit, delete and search the applications",
              "fullTitle": "Application Page Test Suite It should be able to add, edit, delete and search the applications",
              "timedOut": null,
              "duration": 132220,
              "state": "passed",
              "speed": "slow",
              "pass": true,
              "fail": false,
              "pending": false,
              "context": null,
              "code": "_ApplicationPage.default.YourApplications();",
              "err": {},
              "uuid": "1273808a-4bba-497e-8ff8-43059d8e60eb",
              "parentUUID": "b3be96d4-6027-4a3b-9225-c14b640fd717",
              "isHook": false,
              "skipped": false
            }
          ],
          "suites": [],
          "passes": [
            "1273808a-4bba-497e-8ff8-43059d8e60eb"
          ],
          "failures": [],
          "pending": [],
          "skipped": [],
          "duration": 132220,
          "root": false,
          "rootEmpty": false,
          "_timeout": 2000
        }
      ],
      "passes": [],
      "failures": [],
      "pending": [],
      "skipped": [],
      "duration": 0,
      "root": true,
      "rootEmpty": true,
      "_timeout": 2000
    }
  ],
  "meta": {
    "mocha": {
      "version": "7.0.1"
    },
    "mochawesome": {
      "options": {
        "quiet": false,
        "reportFilename": "mochawesome",
        "saveHtml": false,
        "saveJson": true,
        "consoleReporter": "spec",
        "useInlineDiffs": false,
        "code": true
      },
      "version": "7.1.3"
    },
    "marge": {
      "options": {
        "reportDir": "cypress\\reports\\.jsons",
        "charts": true,
        "reportPageTitle": "My Test Suite",
        "embeddedScreenshots": true,
        "inlineAssets": true,
        "overwrite": false,
        "html": false,
        "json": true
      },
      "version": "6.2.0"
    }
  }
}