{
  "stats": {
    "suites": 1,
    "tests": 4,
    "passes": 3,
    "pending": 0,
    "failures": 1,
    "start": "2023-07-13T02:12:21.462Z",
    "end": "2023-07-13T02:13:58.628Z",
    "duration": 97166,
    "testsRegistered": 4,
    "passPercent": 75,
    "pendingPercent": 0,
    "other": 0,
    "hasOther": false,
    "skipped": 0,
    "hasSkipped": false
  },
  "results": [
    {
      "uuid": "05c2f139-1e0e-49f5-bf0f-e07bfb4f1298",
      "title": "",
      "fullFile": "cypress\\e2e\\login.cy.js",
      "file": "cypress\\e2e\\login.cy.js",
      "beforeHooks": [],
      "afterHooks": [],
      "tests": [],
      "suites": [
        {
          "uuid": "219ed8fa-43ca-43fe-88f3-46a7c24babbf",
          "title": "Login Page Test Suite",
          "fullFile": "",
          "file": "",
          "beforeHooks": [],
          "afterHooks": [],
          "tests": [
            {
              "title": "Email and Password Fields - Fill out email and password fields with the valid credentials",
              "fullTitle": "Login Page Test Suite Email and Password Fields - Fill out email and password fields with the valid credentials",
              "timedOut": null,
              "duration": 30682,
              "state": "passed",
              "speed": "slow",
              "pass": true,
              "fail": false,
              "pending": false,
              "context": "{\n  \"title\": \"cypress-mochawesome-reporter-videos-passed\",\n  \"value\": \"cypress\\\\e2e\\\\login.cy.js\"\n}",
              "code": "_LoginPage.default.loginAdmin(_data.default.valid.email, _data.default.valid.password);\n_LoginPage.default.logout();",
              "err": {},
              "uuid": "551046b6-1685-4a8d-b424-f19f38865306",
              "parentUUID": "219ed8fa-43ca-43fe-88f3-46a7c24babbf",
              "isHook": false,
              "skipped": false
            },
            {
              "title": "Email and Password Fields - Blank input",
              "fullTitle": "Login Page Test Suite Email and Password Fields - Blank input",
              "timedOut": null,
              "duration": 17187,
              "state": "passed",
              "speed": "slow",
              "pass": true,
              "fail": false,
              "pending": false,
              "context": "{\n  \"title\": \"cypress-mochawesome-reporter-videos-passed\",\n  \"value\": \"cypress\\\\e2e\\\\login.cy.js\"\n}",
              "code": "_LoginPage.default.userWithNoCredsInput();",
              "err": {},
              "uuid": "b4377da5-22b7-47e1-8ef3-226324016dfa",
              "parentUUID": "219ed8fa-43ca-43fe-88f3-46a7c24babbf",
              "isHook": false,
              "skipped": false
            },
            {
              "title": "Email and Password Fields - Fill out email and password fields with the invalid credentials",
              "fullTitle": "Login Page Test Suite Email and Password Fields - Fill out email and password fields with the invalid credentials",
              "timedOut": null,
              "duration": 8756,
              "state": "passed",
              "speed": "medium",
              "pass": true,
              "fail": false,
              "pending": false,
              "context": "{\n  \"title\": \"cypress-mochawesome-reporter-videos-passed\",\n  \"value\": \"cypress\\\\e2e\\\\login.cy.js\"\n}",
              "code": "_LoginPage.default.loginAdminWithInvalidCreds(_data.default.valid.email, _data.default.valid.inPassword);",
              "err": {},
              "uuid": "7d0c97b0-c12e-4f57-b7f3-2db6e32cd2ea",
              "parentUUID": "219ed8fa-43ca-43fe-88f3-46a7c24babbf",
              "isHook": false,
              "skipped": false
            },
            {
              "title": "Email and Password Fields - User forgot password with input email address",
              "fullTitle": "Login Page Test Suite Email and Password Fields - User forgot password with input email address",
              "timedOut": null,
              "duration": 19979,
              "state": "failed",
              "speed": null,
              "pass": false,
              "fail": true,
              "pending": false,
              "context": "{\n  \"title\": \"cypress-mochawesome-reporter-videos-failed\",\n  \"value\": \"cypress\\\\e2e\\\\login.cy.js\"\n}",
              "code": "_LoginPage.default.goTologinWithForgotPassword();\n_ForgotPasswordPage.default.loginWithoutEmail();\n_ForgotPasswordPage.default.Email();\n_ResetPasswordPage.default.mailosaur(_data.default.valid.email, _data.default.valid.password, _data.default.valid.newPassword);",
              "err": {
                "message": "Error: The following error originated from your application code, not from Cypress. It was caused by an unhandled promise rejection.\n\n  > Authentication failed, check your API key.\n\nWhen Cypress detects uncaught errors originating from your application it will automatically fail the current test.\n\nThis behavior is configurable, and you can choose to turn this off by listening to the `uncaught:exception` event.\n\nhttps://on.cypress.io/uncaught-exception-from-application",
                "estack": "Error: The following error originated from your application code, not from Cypress. It was caused by an unhandled promise rejection.\n\n  > Authentication failed, check your API key.\n\nWhen Cypress detects uncaught errors originating from your application it will automatically fail the current test.\n\nThis behavior is configurable, and you can choose to turn this off by listening to the `uncaught:exception` event.\n\nhttps://on.cypress.io/uncaught-exception-from-application\n    at eval (webpack:///./node_modules/cypress-mailosaur/src/request.js:54:0)",
                "diff": null
              },
              "uuid": "35e36650-bbc7-4573-b3b3-b86d504fe7c3",
              "parentUUID": "219ed8fa-43ca-43fe-88f3-46a7c24babbf",
              "isHook": false,
              "skipped": false
            }
          ],
          "suites": [],
          "passes": [
            "551046b6-1685-4a8d-b424-f19f38865306",
            "b4377da5-22b7-47e1-8ef3-226324016dfa",
            "7d0c97b0-c12e-4f57-b7f3-2db6e32cd2ea"
          ],
          "failures": [
            "35e36650-bbc7-4573-b3b3-b86d504fe7c3"
          ],
          "pending": [],
          "skipped": [],
          "duration": 76604,
          "root": false,
          "rootEmpty": false,
          "_timeout": 2000
        }
      ],
      "passes": [],
      "failures": [],
      "pending": [],
      "skipped": [],
      "duration": 0,
      "root": true,
      "rootEmpty": true,
      "_timeout": 2000
    }
  ],
  "meta": {
    "mocha": {
      "version": "7.0.1"
    },
    "mochawesome": {
      "options": {
        "quiet": false,
        "reportFilename": "[status]_[datetime]-[name]-report",
        "saveHtml": true,
        "saveJson": true,
        "consoleReporter": "spec",
        "useInlineDiffs": false,
        "code": true
      },
      "version": "7.1.3"
    },
    "marge": {
      "options": {
        "reportDir": "cypress/report/mochawesome-report",
        "reportFilename": "[status]_[datetime]-[name]-report",
        "title": "[status]_[datetime]-[name]-report",
        "timestamp": "longDate",
        "charts": true,
        "html": true,
        "json": true,
        "embeddedScreenshots": true,
        "overwrite": true,
        "inlineAssets": true,
        "enableCharts": true
      },
      "version": "6.2.0"
    }
  }
}