{
  "stats": {
    "suites": 1,
    "tests": 1,
    "passes": 0,
    "pending": 0,
    "failures": 1,
    "start": "2023-07-13T01:59:49.350Z",
    "end": "2023-07-13T02:04:29.847Z",
    "duration": 280497,
    "testsRegistered": 1,
    "passPercent": 0,
    "pendingPercent": 0,
    "other": 0,
    "hasOther": false,
    "skipped": 0,
    "hasSkipped": false
  },
  "results": [
    {
      "uuid": "c39eaaef-ea01-4fd5-af23-12bba0a93d1d",
      "title": "",
      "fullFile": "cypress\\e2e\\integrations.cy.js",
      "file": "cypress\\e2e\\integrations.cy.js",
      "beforeHooks": [],
      "afterHooks": [],
      "tests": [],
      "suites": [
        {
          "uuid": "a7e4a159-2bcc-4c0e-9bd6-39a2338671ae",
          "title": "Integrations Page Test Suite",
          "fullFile": "",
          "file": "",
          "beforeHooks": [],
          "afterHooks": [],
          "tests": [
            {
              "title": "It should be the add integration flow to proceed to step 1 to step 5",
              "fullTitle": "Integrations Page Test Suite It should be the add integration flow to proceed to step 1 to step 5",
              "timedOut": null,
              "duration": 114755,
              "state": "failed",
              "speed": null,
              "pass": false,
              "fail": true,
              "pending": false,
              "context": "{\n  \"title\": \"cypress-mochawesome-reporter-videos-failed\",\n  \"value\": \"cypress\\\\e2e\\\\integrations.cy.js\"\n}",
              "code": "const visibility = \"Active\";\nconst variantvisibility = \"Active\";\n_AddIntegrationsPage.default.addIntegration();\ncy.wait(3000);\n_AddIntegrationsPage.default.followStep1();\ncy.wait(3000);\n_AddIntegrationsPage.default.followStep2();\ncy.wait(3000);\n_AddIntegrationsPage.default.followStep3();\ncy.wait(3000);\n_AddIntegrationsPage.default.followStep4(visibility, variantvisibility);\ncy.wait(3000);\n_AddIntegrationsPage.default.followStep5();\ncy.wait(3000);\n_IntegrationsSettingPage.default.OverviewConfigureFlow();\ncy.wait(2000);\n_IntegrationsSettingPage.default.IntegrationSettings();\ncy.wait(2000);\n_IntegrationsSettingPage.default.ActivityTab();\ncy.wait(2000);\n_AddIntegrationsPage.default.gotoIntegrations();\n_ProductSynchronizationPage.default.productSyncronizationFlow();\n_SalesOrderSynchronizationPage.default.saleSynchronizationFlow();\n_CustomerSynchronizationPage.default.customerSynchronizationFlow();\n_StockSynchronizationPage.default.stockSynchronizationFlow();",
              "err": {
                "message": "CypressError: `cy.click()` can only be called on a single element. Your subject contained 2 elements. Pass `{ multiple: true }` if you want to serially click each element.\n\nhttps://on.cypress.io/click",
                "estack": "CypressError: `cy.click()` can only be called on a single element. Your subject contained 2 elements. Pass `{ multiple: true }` if you want to serially click each element.\n\nhttps://on.cypress.io/click\n    at mouseAction (https://stg.apicenter.io/__cypress/runner/cypress_runner.js:141803:76)\n    at Context.click (https://stg.apicenter.io/__cypress/runner/cypress_runner.js:141967:14)\n    at wrapped (https://stg.apicenter.io/__cypress/runner/cypress_runner.js:160860:19)\nFrom Your Spec Code:\n    at ProductSyncronizationPage.eval [as clickCardTile] (webpack:///./cypress/pages/Integrations/Flow/ProductSynchronizationPage.js:41:13)\n    at ProductSyncronizationPage.eval [as productSyncronizationFlow] (webpack:///./cypress/pages/Integrations/Flow/ProductSynchronizationPage.js:160:13)\n    at Context.eval (webpack:///./cypress/e2e/integrations.cy.js:56:13)",
                "diff": null
              },
              "uuid": "5dd4f4bc-0b6c-448a-b423-350166b295b2",
              "parentUUID": "a7e4a159-2bcc-4c0e-9bd6-39a2338671ae",
              "isHook": false,
              "skipped": false
            }
          ],
          "suites": [],
          "passes": [],
          "failures": [
            "5dd4f4bc-0b6c-448a-b423-350166b295b2"
          ],
          "pending": [],
          "skipped": [],
          "duration": 114755,
          "root": false,
          "rootEmpty": false,
          "_timeout": 2000
        }
      ],
      "passes": [],
      "failures": [],
      "pending": [],
      "skipped": [],
      "duration": 0,
      "root": true,
      "rootEmpty": true,
      "_timeout": 2000
    }
  ],
  "meta": {
    "mocha": {
      "version": "7.0.1"
    },
    "mochawesome": {
      "options": {
        "quiet": false,
        "reportFilename": "[status]_[datetime]-[name]-report",
        "saveHtml": true,
        "saveJson": true,
        "consoleReporter": "spec",
        "useInlineDiffs": false,
        "code": true
      },
      "version": "7.1.3"
    },
    "marge": {
      "options": {
        "reportDir": "cypress/report/mochawesome-report",
        "reportFilename": "[status]_[datetime]-[name]-report",
        "title": "[status]_[datetime]-[name]-report",
        "timestamp": "longDate",
        "charts": true,
        "html": true,
        "json": true,
        "embeddedScreenshots": true,
        "overwrite": true,
        "inlineAssets": true,
        "enableCharts": true
      },
      "version": "6.2.0"
    }
  }
}