{
  "stats": {
    "suites": 1,
    "tests": 1,
    "passes": 1,
    "pending": 0,
    "failures": 0,
    "start": "2023-07-13T01:57:09.583Z",
    "end": "2023-07-13T01:59:17.609Z",
    "duration": 128026,
    "testsRegistered": 1,
    "passPercent": 100,
    "pendingPercent": 0,
    "other": 0,
    "hasOther": false,
    "skipped": 0,
    "hasSkipped": false
  },
  "results": [
    {
      "uuid": "b1086b39-4ce4-4b6e-b976-12c34794dd7a",
      "title": "",
      "fullFile": "cypress\\e2e\\application.cy.js",
      "file": "cypress\\e2e\\application.cy.js",
      "beforeHooks": [],
      "afterHooks": [],
      "tests": [],
      "suites": [
        {
          "uuid": "e4e7c18c-fd05-4fa6-8364-978c77c5ac94",
          "title": "Application Page Test Suite",
          "fullFile": "",
          "file": "",
          "beforeHooks": [],
          "afterHooks": [],
          "tests": [
            {
              "title": "It should be able to add, edit, delete and search the applications",
              "fullTitle": "Application Page Test Suite It should be able to add, edit, delete and search the applications",
              "timedOut": null,
              "duration": 127812,
              "state": "passed",
              "speed": "slow",
              "pass": true,
              "fail": false,
              "pending": false,
              "context": "{\n  \"title\": \"cypress-mochawesome-reporter-videos-passed\",\n  \"value\": \"cypress\\\\e2e\\\\application.cy.js\"\n}",
              "code": "_ApplicationPage.default.YourApplications();",
              "err": {},
              "uuid": "7817ce9a-248a-4e65-9f87-78702cd79dfd",
              "parentUUID": "e4e7c18c-fd05-4fa6-8364-978c77c5ac94",
              "isHook": false,
              "skipped": false
            }
          ],
          "suites": [],
          "passes": [
            "7817ce9a-248a-4e65-9f87-78702cd79dfd"
          ],
          "failures": [],
          "pending": [],
          "skipped": [],
          "duration": 127812,
          "root": false,
          "rootEmpty": false,
          "_timeout": 2000
        }
      ],
      "passes": [],
      "failures": [],
      "pending": [],
      "skipped": [],
      "duration": 0,
      "root": true,
      "rootEmpty": true,
      "_timeout": 2000
    }
  ],
  "meta": {
    "mocha": {
      "version": "7.0.1"
    },
    "mochawesome": {
      "options": {
        "quiet": false,
        "reportFilename": "[status]_[datetime]-[name]-report",
        "saveHtml": true,
        "saveJson": true,
        "consoleReporter": "spec",
        "useInlineDiffs": false,
        "code": true
      },
      "version": "7.1.3"
    },
    "marge": {
      "options": {
        "reportDir": "cypress/report/mochawesome-report",
        "reportFilename": "[status]_[datetime]-[name]-report",
        "title": "[status]_[datetime]-[name]-report",
        "timestamp": "longDate",
        "charts": true,
        "html": true,
        "json": true,
        "embeddedScreenshots": true,
        "overwrite": true,
        "inlineAssets": true,
        "enableCharts": true
      },
      "version": "6.2.0"
    }
  }
}