{
  "stats": {
    "suites": 1,
    "tests": 1,
    "passes": 1,
    "pending": 0,
    "failures": 0,
    "start": "2023-07-13T02:05:21.289Z",
    "end": "2023-07-13T02:11:08.965Z",
    "duration": 347676,
    "testsRegistered": 1,
    "passPercent": 100,
    "pendingPercent": 0,
    "other": 0,
    "hasOther": false,
    "skipped": 0,
    "hasSkipped": false
  },
  "results": [
    {
      "uuid": "1183d8eb-e7f2-48c8-ac85-9fc155d2c1e9",
      "title": "",
      "fullFile": "cypress\\e2e\\landing.cy.js",
      "file": "cypress\\e2e\\landing.cy.js",
      "beforeHooks": [],
      "afterHooks": [],
      "tests": [],
      "suites": [
        {
          "uuid": "2c0f5f57-6148-4308-95da-7e1c1d036555",
          "title": "Landing Page Test Suite",
          "fullFile": "",
          "file": "",
          "beforeHooks": [],
          "afterHooks": [],
          "tests": [
            {
              "title": "Viewing the landing page of the APIcenter",
              "fullTitle": "Landing Page Test Suite Viewing the landing page of the APIcenter",
              "timedOut": null,
              "duration": 346872,
              "state": "passed",
              "speed": "slow",
              "pass": true,
              "fail": false,
              "pending": false,
              "context": "{\n  \"title\": \"cypress-mochawesome-reporter-videos-passed\",\n  \"value\": \"cypress\\\\e2e\\\\landing.cy.js\"\n}",
              "code": "const app1 = \"shopify\";\nconst app2 = \"magento 2\";\n_LandingPage.default.gotoLandingpage();\ncy.wait(5000);\n_LandingPage.default.apicenterPage(app1, app2);",
              "err": {},
              "uuid": "617d20cd-bb00-4096-8ef6-dc41357578de",
              "parentUUID": "2c0f5f57-6148-4308-95da-7e1c1d036555",
              "isHook": false,
              "skipped": false
            }
          ],
          "suites": [],
          "passes": [
            "617d20cd-bb00-4096-8ef6-dc41357578de"
          ],
          "failures": [],
          "pending": [],
          "skipped": [],
          "duration": 346872,
          "root": false,
          "rootEmpty": false,
          "_timeout": 2000
        }
      ],
      "passes": [],
      "failures": [],
      "pending": [],
      "skipped": [],
      "duration": 0,
      "root": true,
      "rootEmpty": true,
      "_timeout": 2000
    }
  ],
  "meta": {
    "mocha": {
      "version": "7.0.1"
    },
    "mochawesome": {
      "options": {
        "quiet": false,
        "reportFilename": "[status]_[datetime]-[name]-report",
        "saveHtml": true,
        "saveJson": true,
        "consoleReporter": "spec",
        "useInlineDiffs": false,
        "code": true
      },
      "version": "7.1.3"
    },
    "marge": {
      "options": {
        "reportDir": "cypress/report/mochawesome-report",
        "reportFilename": "[status]_[datetime]-[name]-report",
        "title": "[status]_[datetime]-[name]-report",
        "timestamp": "longDate",
        "charts": true,
        "html": true,
        "json": true,
        "embeddedScreenshots": true,
        "overwrite": true,
        "inlineAssets": true,
        "enableCharts": true
      },
      "version": "6.2.0"
    }
  }
}