{
  "stats": {
    "suites": 1,
    "tests": 1,
    "passes": 1,
    "pending": 0,
    "failures": 0,
    "start": "2023-07-07T13:46:39.417Z",
    "end": "2023-07-07T13:48:47.683Z",
    "duration": 128266,
    "testsRegistered": 1,
    "passPercent": 100,
    "pendingPercent": 0,
    "other": 0,
    "hasOther": false,
    "skipped": 0,
    "hasSkipped": false
  },
  "results": [
    {
      "uuid": "6994c1a2-fb8e-4838-85db-e6493b4f6c21",
      "title": "",
      "fullFile": "cypress\\e2e\\application.cy.js",
      "file": "cypress\\e2e\\application.cy.js",
      "beforeHooks": [],
      "afterHooks": [],
      "tests": [],
      "suites": [
        {
          "uuid": "165ab577-afbd-4e60-b880-61357f6d60a7",
          "title": "Application Page Test Suite",
          "fullFile": "",
          "file": "",
          "beforeHooks": [],
          "afterHooks": [],
          "tests": [
            {
              "title": "It should be able to add, edit, delete and search the applications",
              "fullTitle": "Application Page Test Suite It should be able to add, edit, delete and search the applications",
              "timedOut": null,
              "duration": 127971,
              "state": "passed",
              "speed": "slow",
              "pass": true,
              "fail": false,
              "pending": false,
              "context": "{\n  \"title\": \"cypress-mochawesome-reporter-videos-passed\",\n  \"value\": \"cypress\\\\e2e\\\\application.cy.js\"\n}",
              "code": "_ApplicationPage.default.YourApplications();",
              "err": {},
              "uuid": "0ac39981-d7df-433c-922c-a59e2e092eac",
              "parentUUID": "165ab577-afbd-4e60-b880-61357f6d60a7",
              "isHook": false,
              "skipped": false
            }
          ],
          "suites": [],
          "passes": [
            "0ac39981-d7df-433c-922c-a59e2e092eac"
          ],
          "failures": [],
          "pending": [],
          "skipped": [],
          "duration": 127971,
          "root": false,
          "rootEmpty": false,
          "_timeout": 2000
        }
      ],
      "passes": [],
      "failures": [],
      "pending": [],
      "skipped": [],
      "duration": 0,
      "root": true,
      "rootEmpty": true,
      "_timeout": 2000
    }
  ],
  "meta": {
    "mocha": {
      "version": "7.0.1"
    },
    "mochawesome": {
      "options": {
        "quiet": false,
        "reportFilename": "[status]_[datetime]-[name]-report",
        "saveHtml": true,
        "saveJson": true,
        "consoleReporter": "spec",
        "useInlineDiffs": false,
        "code": true
      },
      "version": "7.1.3"
    },
    "marge": {
      "options": {
        "reportDir": "cypress/report/mochawesome-report",
        "reportFilename": "[status]_[datetime]-[name]-report",
        "title": "[status]_[datetime]-[name]-report",
        "timestamp": "longDate",
        "charts": true,
        "html": true,
        "json": true,
        "embeddedScreenshots": true,
        "overwrite": true,
        "inlineAssets": true,
        "enableCharts": true
      },
      "version": "6.2.0"
    }
  }
}